<testng-results>
  <reporter-output>
  </reporter-output>
  <suite name="erp-tests by packages">
    <groups>
    </groups>
    <test name="com.ic2k.erp.tests">
      <class name="com.ic2k.erp.tests.LoginIntegrationTest">
        <test-method status="PASS" signature="startSeam()" name="startSeam" is-config="true" duration-ms="212495" started-at="2012-03-06T22:08:30Z" finished-at="2012-03-06T22:12:03Z">
        </test-method>
        <test-method status="PASS" signature="setupClass()" name="setupClass" is-config="true" duration-ms="109" started-at="2012-03-06T22:12:03Z" finished-at="2012-03-06T22:12:03Z">
        </test-method>
        <test-method status="PASS" signature="begin()" name="begin" is-config="true" duration-ms="15004" started-at="2012-03-06T22:12:03Z" finished-at="2012-03-06T22:12:18Z">
        </test-method>
        <test-method status="PASS" signature="testLogin()" name="testLogin" duration-ms="1660" started-at="2012-03-06T22:12:18Z" finished-at="2012-03-06T22:12:20Z">
        </test-method>
        <test-method status="PASS" signature="end()" name="end" is-config="true" duration-ms="1" started-at="2012-03-06T22:12:20Z" finished-at="2012-03-06T22:12:20Z">
        </test-method>
        <test-method status="PASS" signature="begin()" name="begin" is-config="true" duration-ms="4" started-at="2012-03-06T22:12:20Z" finished-at="2012-03-06T22:12:20Z">
        </test-method>
        <test-method status="PASS" signature="testLoginComponent()" name="testLoginComponent" duration-ms="12" started-at="2012-03-06T22:12:20Z" finished-at="2012-03-06T22:12:20Z">
        </test-method>
        <test-method status="PASS" signature="end()" name="end" is-config="true" duration-ms="1" started-at="2012-03-06T22:12:20Z" finished-at="2012-03-06T22:12:20Z">
        </test-method>
        <test-method status="PASS" signature="cleanupClass()" name="cleanupClass" is-config="true" duration-ms="0" started-at="2012-03-06T22:12:20Z" finished-at="2012-03-06T22:12:20Z">
        </test-method>
        <test-method status="PASS" signature="stopSeam()" name="stopSeam" is-config="true" duration-ms="4" started-at="2012-03-06T22:12:20Z" finished-at="2012-03-06T22:12:20Z">
        </test-method>
      </class>
    </test>
  </suite>
</testng-results>
